2026-03-08 11:46:33.844 INFO  c.k.k.c.l.logback.LogbackConfigurator    - Logback default configuration initialized from: C:\Users\Rizki Putra\.katalon\packages\KS-11.0.1\configuration\org.eclipse.osgi\148\0\.cp\resources\logback\logback-execution.xml
2026-03-08 11:46:33.869 INFO  c.k.k.c.l.logback.LogbackConfigurator    - Logback custom configuration initialized from: C:\Users\Rizki Putra\Katalon Studio\saucedemo.com\Include\config\log.properties
2026-03-08 11:46:37.897 INFO  c.k.katalon.core.main.TestSuiteExecutor  - START Test Suites/Saucedemo/Saucedemo
2026-03-08 11:46:38.244 INFO  c.k.katalon.core.main.TestSuiteExecutor  - userFullName = Rizki Putra
2026-03-08 11:46:38.253 INFO  c.k.katalon.core.main.TestSuiteExecutor  - projectName = saucedemo.com
2026-03-08 11:46:38.263 INFO  c.k.katalon.core.main.TestSuiteExecutor  - hostName = Rizki Putra - LAPTOP-RTGQUC0J
2026-03-08 11:46:38.266 INFO  c.k.katalon.core.main.TestSuiteExecutor  - os = Windows 10 64bit
2026-03-08 11:46:38.269 INFO  c.k.katalon.core.main.TestSuiteExecutor  - hostAddress = 192.168.100.68
2026-03-08 11:46:38.274 INFO  c.k.katalon.core.main.TestSuiteExecutor  - katalonVersion = 11.0.1.0
2026-03-08 11:46:38.845 INFO  c.k.katalon.core.main.TestCaseExecutor   - --------------------
2026-03-08 11:46:38.845 INFO  c.k.katalon.core.main.TestCaseExecutor   - START Test Cases/Login Failed
2026-03-08 11:46:40.657 DEBUG testcase.Login Failed                    - 1: openBrowser("")
2026-03-08 11:46:41.921 INFO  c.k.k.core.webui.driver.DriverFactory    - Starting 'Chrome' driver
2026-03-08 11:46:42.190 INFO  c.k.k.core.webui.driver.DriverFactory    - Action delay is set to 0 milliseconds
Mar 08, 2026 11:46:47 AM org.openqa.selenium.devtools.CdpVersionFinder findNearestMatch
WARNING: Unable to find an exact match for CDP version 145, returning the closest version; found: 143; Please update to a Selenium version that supports CDP version 145
2026-03-08 11:46:49.370 INFO  c.k.k.core.webui.driver.DriverFactory    - sessionId = 3a1fcdfa4da8248e57347119e7a3fc2d
2026-03-08 11:46:49.375 INFO  c.k.k.core.webui.driver.DriverFactory    - browser = Chrome 145.0.7632.160
2026-03-08 11:46:49.377 INFO  c.k.k.core.webui.driver.DriverFactory    - platform = Windows 10
2026-03-08 11:46:49.379 INFO  c.k.k.core.webui.driver.DriverFactory    - seleniumVersion = 4.39.0
2026-03-08 11:46:49.394 INFO  c.k.k.core.webui.driver.DriverFactory    - proxyInformation = ProxyInformation { proxyOption=NO_PROXY, proxyServerType=HTTP, username=, password=********, proxyServerAddress=, proxyServerPort=0, executionList="", isApplyToDesiredCapabilities=true }
2026-03-08 11:46:49.553 DEBUG testcase.Login Failed                    - 2: navigateToUrl("https://www.saucedemo.com/")
2026-03-08 11:46:50.334 DEBUG testcase.Login Failed                    - 3: setText(findTestObject("Login Failed/input_Username"), "admin")
2026-03-08 11:46:52.469 DEBUG testcase.Login Failed                    - 4: click(findTestObject("Login Failed/input_Password"))
2026-03-08 11:46:53.352 DEBUG testcase.Login Failed                    - 5: setEncryptedText(findTestObject("Login Failed/input_Password"), "hUKwJTbofgPU9eVlw/CnDQ==")
2026-03-08 11:46:54.084 DEBUG testcase.Login Failed                    - 6: click(findTestObject("Login Failed/input_login-button"))
2026-03-08 11:46:55.578 DEBUG testcase.Login Failed                    - 7: click(findTestObject("Login Failed/h3_Epic sadface_ Username and password do not ma"))
2026-03-08 11:46:56.197 INFO  c.k.katalon.core.main.TestCaseExecutor   - END Test Cases/Login Failed
2026-03-08 11:46:57.933 INFO  c.k.katalon.core.main.TestSuiteExecutor  - --------------------
2026-03-08 11:46:57.933 INFO  c.k.katalon.core.main.TestSuiteExecutor  - END Test Suites/Saucedemo/Saucedemo
2026-03-08 11:46:57.933 INFO  c.k.katalon.core.main.TestSuiteExecutor  - ====================
